# JRE version: OpenJDK Runtime Environment (11.0.13) (build 11.0.13+0-b1751.21-8125866)
# Java VM: OpenJDK 64-Bit Server VM (11.0.13+0-b1751.21-8125866, mixed mode, tiered, compressed oops, g1 gc, windows-amd64)
Heap:
 garbage-first heap   total 101376K, used 61206K [0x0000000080000000, 0x0000000100000000)
  region size 1024K, 9 young (9216K), 2 survivors (2048K)
 Metaspace       used 65508K, capacity 67082K, committed 67408K, reserved 1107968K
  class space    used 8252K, capacity 8819K, committed 8908K, reserved 1048576K
GC Heap History (20 events):
Event: 40.955 GC heap before
{Heap before GC invocations=18 (full 0):
 garbage-first heap   total 101376K, used 77597K [0x0000000080000000, 0x0000000100000000)
  region size 1024K, 39 young (39936K), 6 survivors (6144K)
 Metaspace       used 53482K, capacity 54872K, committed 55036K, reserved 1097728K
  class space    used 6714K, capacity 7223K, committed 7244K, reserved 1048576K
}
Event: 40.971 GC heap after
{Heap after GC invocations=19 (full 0):
 garbage-first heap   total 101376K, used 45687K [0x0000000080000000, 0x0000000100000000)
  region size 1024K, 2 young (2048K), 2 survivors (2048K)
 Metaspace       used 53482K, capacity 54872K, committed 55036K, reserved 1097728K
  class space    used 6714K, capacity 7223K, committed 7244K, reserved 1048576K
}
Event: 42.708 GC heap before
{Heap before GC invocations=19 (full 0):
 garbage-first heap   total 101376K, used 78455K [0x0000000080000000, 0x0000000100000000)
  region size 1024K, 34 young (34816K), 2 survivors (2048K)
 Metaspace       used 58684K, capacity 60239K, committed 60368K, reserved 1101824K
  class space    used 7370K, capacity 7921K, committed 8012K, reserved 1048576K
}
Event: 42.716 GC heap after
{Heap after GC invocations=20 (full 0):
 garbage-first heap   total 101376K, used 46862K [0x0000000080000000, 0x0000000100000000)
  region size 1024K, 3 young (3072K), 3 survivors (3072K)
 Metaspace       used 58684K, capacity 60239K, committed 60368K, reserved 1101824K
  class space    used 7370K, capacity 7921K, committed 8012K, reserved 1048576K
}
Event: 42.736 GC heap before
{Heap before GC invocations=20 (full 0):
 garbage-first heap   total 101376K, used 46862K [0x0000000080000000, 0x0000000100000000)
  region size 1024K, 4 young (4096K), 3 survivors (3072K)
 Metaspace       used 58740K, capacity 60239K, committed 60368K, reserved 1101824K
  class space    used 7379K, capacity 7921K, committed 8012K, reserved 1048576K
}
Event: 42.754 GC heap after
{Heap after GC invocations=21 (full 0):
 garbage-first heap   total 101376K, used 46857K [0x0000000080000000, 0x0000000100000000)
  region size 1024K, 3 young (3072K), 3 survivors (3072K)
 Metaspace       used 58740K, capacity 60239K, committed 60368K, reserved 1101824K
  class space    used 7379K, capacity 7921K, committed 8012K, reserved 1048576K
}
Event: 43.391 GC heap before
{Heap before GC invocations=22 (full 0):
 garbage-first heap   total 101376K, used 59145K [0x0000000080000000, 0x0000000100000000)
  region size 1024K, 16 young (16384K), 3 survivors (3072K)
 Metaspace       used 60659K, capacity 62157K, committed 62416K, reserved 1103872K
  class space    used 7608K, capacity 8176K, committed 8268K, reserved 1048576K
}
Event: 43.422 GC heap after
{Heap after GC invocations=23 (full 0):
 garbage-first heap   total 101376K, used 48638K [0x0000000080000000, 0x0000000100000000)
  region size 1024K, 4 young (4096K), 4 survivors (4096K)
 Metaspace       used 60659K, capacity 62157K, committed 62416K, reserved 1103872K
  class space    used 7608K, capacity 8176K, committed 8268K, reserved 1048576K
}
Event: 43.485 GC heap before
{Heap before GC invocations=24 (full 0):
 garbage-first heap   total 101376K, used 56830K [0x0000000080000000, 0x0000000100000000)
  region size 1024K, 12 young (12288K), 4 survivors (4096K)
 Metaspace       used 60659K, capacity 62157K, committed 62416K, reserved 1103872K
  class space    used 7608K, capacity 8176K, committed 8268K, reserved 1048576K
}
Event: 43.495 GC heap after
{Heap after GC invocations=25 (full 0):
 garbage-first heap   total 101376K, used 51454K [0x0000000080000000, 0x0000000100000000)
  region size 1024K, 4 young (4096K), 4 survivors (4096K)
 Metaspace       used 60659K, capacity 62157K, committed 62416K, reserved 1103872K
  class space    used 7608K, capacity 8176K, committed 8268K, reserved 1048576K
}
Event: 43.647 GC heap before
{Heap before GC invocations=26 (full 0):
 garbage-first heap   total 101376K, used 59646K [0x0000000080000000, 0x0000000100000000)
  region size 1024K, 10 young (10240K), 4 survivors (4096K)
 Metaspace       used 60664K, capacity 62163K, committed 62416K, reserved 1103872K
  class space    used 7609K, capacity 8177K, committed 8268K, reserved 1048576K
}
Event: 43.667 GC heap after
{Heap after GC invocations=27 (full 0):
 garbage-first heap   total 101376K, used 55562K [0x0000000080000000, 0x0000000100000000)
  region size 1024K, 3 young (3072K), 3 survivors (3072K)
 Metaspace       used 60664K, capacity 62163K, committed 62416K, reserved 1103872K
  class space    used 7609K, capacity 8177K, committed 8268K, reserved 1048576K
}
Event: 44.824 GC heap before
{Heap before GC invocations=28 (full 0):
 garbage-first heap   total 101376K, used 78090K [0x0000000080000000, 0x0000000100000000)
  region size 1024K, 23 young (23552K), 3 survivors (3072K)
 Metaspace       used 62523K, capacity 64052K, committed 64336K, reserved 1105920K
  class space    used 7846K, capacity 8374K, committed 8396K, reserved 1048576K
}
Event: 44.827 GC heap after
{Heap after GC invocations=29 (full 0):
 garbage-first heap   total 101376K, used 54997K [0x0000000080000000, 0x0000000100000000)
  region size 1024K, 2 young (2048K), 2 survivors (2048K)
 Metaspace       used 62523K, capacity 64052K, committed 64336K, reserved 1105920K
  class space    used 7846K, capacity 8374K, committed 8396K, reserved 1048576K
}
Event: 46.478 GC heap before
{Heap before GC invocations=29 (full 0):
 garbage-first heap   total 101376K, used 76501K [0x0000000080000000, 0x0000000100000000)
  region size 1024K, 23 young (23552K), 2 survivors (2048K)
 Metaspace       used 63858K, capacity 65382K, committed 65616K, reserved 1105920K
  class space    used 7993K, capacity 8538K, committed 8652K, reserved 1048576K
}
Event: 46.485 GC heap after
{Heap after GC invocations=30 (full 0):
 garbage-first heap   total 101376K, used 56397K [0x0000000080000000, 0x0000000100000000)
  region size 1024K, 3 young (3072K), 3 survivors (3072K)
 Metaspace       used 63858K, capacity 65382K, committed 65616K, reserved 1105920K
  class space    used 7993K, capacity 8538K, committed 8652K, reserved 1048576K
}
Event: 46.926 GC heap before
{Heap before GC invocations=31 (full 0):
 garbage-first heap   total 101376K, used 60493K [0x0000000080000000, 0x0000000100000000)
  region size 1024K, 11 young (11264K), 3 survivors (3072K)
 Metaspace       used 64388K, capacity 65937K, committed 66128K, reserved 1107968K
  class space    used 8083K, capacity 8636K, committed 8652K, reserved 1048576K
}
Event: 46.936 GC heap after
{Heap after GC invocations=32 (full 0):
 garbage-first heap   total 101376K, used 54079K [0x0000000080000000, 0x0000000100000000)
  region size 1024K, 3 young (3072K), 3 survivors (3072K)
 Metaspace       used 64388K, capacity 65937K, committed 66128K, reserved 1107968K
  class space    used 8083K, capacity 8636K, committed 8652K, reserved 1048576K
}
Event: 47.744 GC heap before
{Heap before GC invocations=33 (full 0):
 garbage-first heap   total 101376K, used 75583K [0x0000000080000000, 0x0000000100000000)
  region size 1024K, 23 young (23552K), 3 survivors (3072K)
 Metaspace       used 65342K, capacity 66910K, committed 67152K, reserved 1107968K
  class space    used 8218K, capacity 8783K, committed 8908K, reserved 1048576K
}
Event: 47.754 GC heap after
{Heap after GC invocations=34 (full 0):
 garbage-first heap   total 101376K, used 55062K [0x0000000080000000, 0x0000000100000000)
  region size 1024K, 2 young (2048K), 2 survivors (2048K)
 Metaspace       used 65342K, capacity 66910K, committed 67152K, reserved 1107968K
  class space    used 8218K, capacity 8783K, committed 8908K, reserved 1048576K
}

